2022-04-16 22:19:51.004678668000 [6045(ThreadId 21)] ERROR APP - [CRITICAL] can not get the initial ghci prompt.
2022-04-16 22:26:11.374128103000 [7099(ThreadId 21)] ERROR APP - start debugging failed. user error (ExecResult not found.) : Left "user error (ExecResult not found.)"
2022-04-16 22:28:42.905825387000 [7289(ThreadId 21)] CRITICAL APP - invalid dap result from ghci. ["apecs-physics: Initializing new Space, Chipmunk v7.0.3 (Debug Enabled)","apecs-physics: Compile with the -frelease (cabal) or --flag apecs-physics:release (stack) to disable debug mode and runtime assertion checks"]
2022-04-16 22:29:13.630083947000 [7433(ThreadId 21)] ERROR APP - invalid dap result from ghci. ["apecs-physics: Initializing new Space, Chipmunk v7.0.3 (Debug Enabled)","apecs-physics: Compile with the -frelease (cabal) or --flag apecs-physics:release (stack) to disable debug mode and runtime assertion checks"]
2022-04-16 22:29:15.524402765000 [7433(ThreadId 21)] CRITICAL APP - <file descriptor: 142>: hPutChar: resource vanished (Broken pipe)
2022-04-16 22:30:12.961612300000 [7915(ThreadId 20)] CRITICAL REQUEST - invalid HANDLE. eof.
2022-04-17 01:18:56.734434301000 [39733(ThreadId 21)] CRITICAL APP - invalid dap result from ghci. ["apecs-physics: Initializing new Space, Chipmunk v7.0.3 (Debug Enabled)","apecs-physics: Compile with the -frelease (cabal) or --flag apecs-physics:release (stack) to disable debug mode and runtime assertion checks"]
2022-04-17 15:48:15.636850912000 [3006(ThreadId 21)] CRITICAL APP - invalid dap result from ghci. ["apecs-physics: Initializing new Space, Chipmunk v7.0.3 (Debug Enabled)","apecs-physics: Compile with the -frelease (cabal) or --flag apecs-physics:release (stack) to disable debug mode and runtime assertion checks"]
2022-04-17 15:48:47.389801873000 [3944(ThreadId 21)] CRITICAL APP - invalid dap result from ghci. ["apecs-physics: Initializing new Space, Chipmunk v7.0.3 (Debug Enabled)","apecs-physics: Compile with the -frelease (cabal) or --flag apecs-physics:release (stack) to disable debug mode and runtime assertion checks"]
2022-04-17 17:55:12.464480624000 [13836(ThreadId 21)] CRITICAL APP - invalid dap result from ghci. ["apecs-physics: Initializing new Space, Chipmunk v7.0.3 (Debug Enabled)","apecs-physics: Compile with the -frelease (cabal) or --flag apecs-physics:release (stack) to disable debug mode and runtime assertion checks"]
2022-04-17 17:55:31.648627920000 [14011(ThreadId 21)] ERROR APP - start debugging failed. user error (ExecResult not found.) : Left "user error (ExecResult not found.)"
2022-04-17 17:56:21.602869242000 [14174(ThreadId 21)] ERROR APP - [CRITICAL] can not get the initial ghci prompt.
2022-04-17 19:12:47.130124094000 [98951(ThreadId 21)] ERROR APP - start debugging failed. user error (ExecResult not found.) : Left "user error (ExecResult not found.)"
2022-04-17 19:17:32.948062710000 [100990(ThreadId 21)] CRITICAL APP - invalid dap result from ghci. ["apecs-physics: Initializing new Space, Chipmunk v7.0.3 (Debug Enabled)","apecs-physics: Compile with the -frelease (cabal) or --flag apecs-physics:release (stack) to disable debug mode and runtime assertion checks"]
2022-04-21 21:58:34.832411362000 [3682(ThreadId 21)] CRITICAL APP - invalid dap result from ghci. ["apecs-physics: Initializing new Space, Chipmunk v7.0.3 (Debug Enabled)","apecs-physics: Compile with the -frelease (cabal) or --flag apecs-physics:release (stack) to disable debug mode and runtime assertion checks"]
2022-04-21 22:03:01.579955712000 [4298(ThreadId 21)] CRITICAL APP - invalid dap result from ghci. ["","fatal error: file read error: \"file not found\" when accessing \"/home/vince/Desktop/complex-silver/~\"","apecs-physics: Initializing new Space, Chipmunk v7.0.3 (Debug Enabled)","apecs-physics: Compile with the -frelease (cabal) or --flag apecs-physics:release (stack) to disable debug mode and runtime assertion checks"]
2022-04-21 23:46:25.550786641000 [14154(ThreadId 21)] CRITICAL APP - invalid dap result from ghci. ["","fatal error: file read error: \"file not found\" when accessing \"/home/vince/Desktop/complex-silver/~\"","apecs-physics: Initializing new Space, Chipmunk v7.0.3 (Debug Enabled)","apecs-physics: Compile with the -frelease (cabal) or --flag apecs-physics:release (stack) to disable debug mode and runtime assertion checks"]
2022-04-21 23:47:19.053198999000 [14358(ThreadId 21)] ERROR APP - start debugging failed. user error (ExecResult not found.) : Left "user error (ExecResult not found.)"
2022-04-21 23:47:34.210211314000 [14509(ThreadId 21)] CRITICAL APP - invalid dap result from ghci. ["","fatal error: file read error: \"file not found\" when accessing \"/home/vince/Desktop/complex-silver/~\"","apecs-physics: Initializing new Space, Chipmunk v7.0.3 (Debug Enabled)","apecs-physics: Compile with the -frelease (cabal) or --flag apecs-physics:release (stack) to disable debug mode and runtime assertion checks"]
2022-04-21 23:48:50.599859234000 [14764(ThreadId 21)] CRITICAL APP - invalid dap result from ghci. ["","fatal error: file read error: \"file not found\" when accessing \"/home/vince/Desktop/complex-silver/~\"","apecs-physics: Initializing new Space, Chipmunk v7.0.3 (Debug Enabled)","apecs-physics: Compile with the -frelease (cabal) or --flag apecs-physics:release (stack) to disable debug mode and runtime assertion checks"]
2022-04-21 23:49:24.449965594000 [14948(ThreadId 21)] CRITICAL APP - invalid dap result from ghci. ["","fatal error: file read error: \"file not found\" when accessing \"/home/vince/Desktop/complex-silver/~\"","apecs-physics: Initializing new Space, Chipmunk v7.0.3 (Debug Enabled)","apecs-physics: Compile with the -frelease (cabal) or --flag apecs-physics:release (stack) to disable debug mode and runtime assertion checks"]
2022-04-21 23:50:29.442984876000 [15644(ThreadId 21)] ERROR APP - [CRITICAL] can not get the initial ghci prompt.
2022-04-21 23:51:20.104710192000 [16232(ThreadId 21)] ERROR APP - [CRITICAL] can not get the initial ghci prompt.
